

Microchip MPLAB XC8 Assembler V2.10 build 88905656 
                                                                                               Wed Feb 12 18:59:52 2020

Microchip MPLAB XC8 C Compiler v2.10 (Free license) build 20190730164152 Og1 
     1                           	processor	16F887
     2                           	opt	pw 120
     3                           	opt	flic
     4                           	psect	cinit,global,class=CODE,merge=1,delta=2
     5                           	psect	bssCOMMON,global,class=COMMON,space=1,delta=1
     6                           	psect	cstackCOMMON,global,class=COMMON,space=1,delta=1
     7                           	psect	maintext,global,class=CODE,split=1,delta=2
     8                           	psect	text1,local,class=CODE,merge=1,delta=2
     9                           	psect	text2,local,class=CODE,merge=1,delta=2
    10                           	psect	text3,local,class=CODE,merge=1,delta=2
    11                           	psect	text4,local,class=CODE,merge=1,delta=2
    12                           	psect	text5,local,class=CODE,merge=1,delta=2
    13                           	dabs	1,0x7E,2
    14  0000                     
    15                           ; Version 2.10
    16                           ; Generated 31/07/2019 GMT
    17                           ; 
    18                           ; Copyright © 2019, Microchip Technology Inc. and its subsidiaries ("Microchip")
    19                           ; All rights reserved.
    20                           ; 
    21                           ; This software is developed by Microchip Technology Inc. and its subsidiaries ("Microch
      +                          ip").
    22                           ; 
    23                           ; Redistribution and use in source and binary forms, with or without modification, are
    24                           ; permitted provided that the following conditions are met:
    25                           ; 
    26                           ;     1. Redistributions of source code must retain the above copyright notice, this lis
      +                          t of
    27                           ;        conditions and the following disclaimer.
    28                           ; 
    29                           ;     2. Redistributions in binary form must reproduce the above copyright notice, this 
      +                          list
    30                           ;        of conditions and the following disclaimer in the documentation and/or other
    31                           ;        materials provided with the distribution.
    32                           ; 
    33                           ;     3. Microchip's name may not be used to endorse or promote products derived from th
      +                          is
    34                           ;        software without specific prior written permission.
    35                           ; 
    36                           ; THIS SOFTWARE IS PROVIDED BY MICROCHIP "AS IS" AND ANY EXPRESS OR IMPLIED WARRANTIES,
    37                           ; INCLUDING, BUT NOT LIMITED TO, THE IMPLIED WARRANTIES OF MERCHANTABILITY AND FITNESS F
      +                          OR
    38                           ; PURPOSE ARE DISCLAIMED.  IN NO EVENT SHALL MICROCHIP BE LIABLE FOR ANY DIRECT, INDIREC
      +                          T,
    39                           ; INCIDENTAL, SPECIAL, EXEMPLARY, OR CONSEQUENTIAL DAMAGES (INCLUDING BUT NOT LIMITED TO
    40                           ; PROCUREMENT OF SUBSTITUTE GOODS OR SERVICES; LOSS OF USE, DATA OR PROFITS; OR BUSINESS
    41                           ; INTERRUPTION) HOWSOEVER CAUSED AND ON ANY THEORY OF LIABILITY, WHETHER IN CONTRACT, ST
      +                          RICT
    42                           ; LIABILITY, OR TORT (INCLUDING NEGLIGENCE OR OTHERWISE) ARISING IN ANY WAY OUT OF THE U
      +                          SE OF
    43                           ; THIS SOFTWARE, EVEN IF ADVISED OF THE POSSIBILITY OF SUCH DAMAGE.
    44                           ; 
    45                           ; 
    46                           ; Code-generator required, PIC16F887 Definitions
    47                           ; 
    48                           ; SFR Addresses
    49  0000                     	;# 
    50  0001                     	;# 
    51  0002                     	;# 
    52  0003                     	;# 
    53  0004                     	;# 
    54  0005                     	;# 
    55  0006                     	;# 
    56  0007                     	;# 
    57  0008                     	;# 
    58  0009                     	;# 
    59  000A                     	;# 
    60  000B                     	;# 
    61  000C                     	;# 
    62  000D                     	;# 
    63  000E                     	;# 
    64  000E                     	;# 
    65  000F                     	;# 
    66  0010                     	;# 
    67  0011                     	;# 
    68  0012                     	;# 
    69  0013                     	;# 
    70  0014                     	;# 
    71  0015                     	;# 
    72  0015                     	;# 
    73  0016                     	;# 
    74  0017                     	;# 
    75  0018                     	;# 
    76  0019                     	;# 
    77  001A                     	;# 
    78  001B                     	;# 
    79  001B                     	;# 
    80  001C                     	;# 
    81  001D                     	;# 
    82  001E                     	;# 
    83  001F                     	;# 
    84  0081                     	;# 
    85  0085                     	;# 
    86  0086                     	;# 
    87  0087                     	;# 
    88  0088                     	;# 
    89  0089                     	;# 
    90  008C                     	;# 
    91  008D                     	;# 
    92  008E                     	;# 
    93  008F                     	;# 
    94  0090                     	;# 
    95  0091                     	;# 
    96  0092                     	;# 
    97  0093                     	;# 
    98  0093                     	;# 
    99  0093                     	;# 
   100  0094                     	;# 
   101  0095                     	;# 
   102  0096                     	;# 
   103  0097                     	;# 
   104  0098                     	;# 
   105  0099                     	;# 
   106  009A                     	;# 
   107  009B                     	;# 
   108  009C                     	;# 
   109  009D                     	;# 
   110  009E                     	;# 
   111  009F                     	;# 
   112  0105                     	;# 
   113  0107                     	;# 
   114  0108                     	;# 
   115  0109                     	;# 
   116  010C                     	;# 
   117  010C                     	;# 
   118  010D                     	;# 
   119  010E                     	;# 
   120  010F                     	;# 
   121  0185                     	;# 
   122  0187                     	;# 
   123  0188                     	;# 
   124  0189                     	;# 
   125  018C                     	;# 
   126  018D                     	;# 
   127  0000                     	;# 
   128  0001                     	;# 
   129  0002                     	;# 
   130  0003                     	;# 
   131  0004                     	;# 
   132  0005                     	;# 
   133  0006                     	;# 
   134  0007                     	;# 
   135  0008                     	;# 
   136  0009                     	;# 
   137  000A                     	;# 
   138  000B                     	;# 
   139  000C                     	;# 
   140  000D                     	;# 
   141  000E                     	;# 
   142  000E                     	;# 
   143  000F                     	;# 
   144  0010                     	;# 
   145  0011                     	;# 
   146  0012                     	;# 
   147  0013                     	;# 
   148  0014                     	;# 
   149  0015                     	;# 
   150  0015                     	;# 
   151  0016                     	;# 
   152  0017                     	;# 
   153  0018                     	;# 
   154  0019                     	;# 
   155  001A                     	;# 
   156  001B                     	;# 
   157  001B                     	;# 
   158  001C                     	;# 
   159  001D                     	;# 
   160  001E                     	;# 
   161  001F                     	;# 
   162  0081                     	;# 
   163  0085                     	;# 
   164  0086                     	;# 
   165  0087                     	;# 
   166  0088                     	;# 
   167  0089                     	;# 
   168  008C                     	;# 
   169  008D                     	;# 
   170  008E                     	;# 
   171  008F                     	;# 
   172  0090                     	;# 
   173  0091                     	;# 
   174  0092                     	;# 
   175  0093                     	;# 
   176  0093                     	;# 
   177  0093                     	;# 
   178  0094                     	;# 
   179  0095                     	;# 
   180  0096                     	;# 
   181  0097                     	;# 
   182  0098                     	;# 
   183  0099                     	;# 
   184  009A                     	;# 
   185  009B                     	;# 
   186  009C                     	;# 
   187  009D                     	;# 
   188  009E                     	;# 
   189  009F                     	;# 
   190  0105                     	;# 
   191  0107                     	;# 
   192  0108                     	;# 
   193  0109                     	;# 
   194  010C                     	;# 
   195  010C                     	;# 
   196  010D                     	;# 
   197  010E                     	;# 
   198  010F                     	;# 
   199  0185                     	;# 
   200  0187                     	;# 
   201  0188                     	;# 
   202  0189                     	;# 
   203  018C                     	;# 
   204  018D                     	;# 
   205  0000                     	;# 
   206  0001                     	;# 
   207  0002                     	;# 
   208  0003                     	;# 
   209  0004                     	;# 
   210  0005                     	;# 
   211  0006                     	;# 
   212  0007                     	;# 
   213  0008                     	;# 
   214  0009                     	;# 
   215  000A                     	;# 
   216  000B                     	;# 
   217  000C                     	;# 
   218  000D                     	;# 
   219  000E                     	;# 
   220  000E                     	;# 
   221  000F                     	;# 
   222  0010                     	;# 
   223  0011                     	;# 
   224  0012                     	;# 
   225  0013                     	;# 
   226  0014                     	;# 
   227  0015                     	;# 
   228  0015                     	;# 
   229  0016                     	;# 
   230  0017                     	;# 
   231  0018                     	;# 
   232  0019                     	;# 
   233  001A                     	;# 
   234  001B                     	;# 
   235  001B                     	;# 
   236  001C                     	;# 
   237  001D                     	;# 
   238  001E                     	;# 
   239  001F                     	;# 
   240  0081                     	;# 
   241  0085                     	;# 
   242  0086                     	;# 
   243  0087                     	;# 
   244  0088                     	;# 
   245  0089                     	;# 
   246  008C                     	;# 
   247  008D                     	;# 
   248  008E                     	;# 
   249  008F                     	;# 
   250  0090                     	;# 
   251  0091                     	;# 
   252  0092                     	;# 
   253  0093                     	;# 
   254  0093                     	;# 
   255  0093                     	;# 
   256  0094                     	;# 
   257  0095                     	;# 
   258  0096                     	;# 
   259  0097                     	;# 
   260  0098                     	;# 
   261  0099                     	;# 
   262  009A                     	;# 
   263  009B                     	;# 
   264  009C                     	;# 
   265  009D                     	;# 
   266  009E                     	;# 
   267  009F                     	;# 
   268  0105                     	;# 
   269  0107                     	;# 
   270  0108                     	;# 
   271  0109                     	;# 
   272  010C                     	;# 
   273  010C                     	;# 
   274  010D                     	;# 
   275  010E                     	;# 
   276  010F                     	;# 
   277  0185                     	;# 
   278  0187                     	;# 
   279  0188                     	;# 
   280  0189                     	;# 
   281  018C                     	;# 
   282  018D                     	;# 
   283  0000                     	;# 
   284  0001                     	;# 
   285  0002                     	;# 
   286  0003                     	;# 
   287  0004                     	;# 
   288  0005                     	;# 
   289  0006                     	;# 
   290  0007                     	;# 
   291  0008                     	;# 
   292  0009                     	;# 
   293  000A                     	;# 
   294  000B                     	;# 
   295  000C                     	;# 
   296  000D                     	;# 
   297  000E                     	;# 
   298  000E                     	;# 
   299  000F                     	;# 
   300  0010                     	;# 
   301  0011                     	;# 
   302  0012                     	;# 
   303  0013                     	;# 
   304  0014                     	;# 
   305  0015                     	;# 
   306  0015                     	;# 
   307  0016                     	;# 
   308  0017                     	;# 
   309  0018                     	;# 
   310  0019                     	;# 
   311  001A                     	;# 
   312  001B                     	;# 
   313  001B                     	;# 
   314  001C                     	;# 
   315  001D                     	;# 
   316  001E                     	;# 
   317  001F                     	;# 
   318  0081                     	;# 
   319  0085                     	;# 
   320  0086                     	;# 
   321  0087                     	;# 
   322  0088                     	;# 
   323  0089                     	;# 
   324  008C                     	;# 
   325  008D                     	;# 
   326  008E                     	;# 
   327  008F                     	;# 
   328  0090                     	;# 
   329  0091                     	;# 
   330  0092                     	;# 
   331  0093                     	;# 
   332  0093                     	;# 
   333  0093                     	;# 
   334  0094                     	;# 
   335  0095                     	;# 
   336  0096                     	;# 
   337  0097                     	;# 
   338  0098                     	;# 
   339  0099                     	;# 
   340  009A                     	;# 
   341  009B                     	;# 
   342  009C                     	;# 
   343  009D                     	;# 
   344  009E                     	;# 
   345  009F                     	;# 
   346  0105                     	;# 
   347  0107                     	;# 
   348  0108                     	;# 
   349  0109                     	;# 
   350  010C                     	;# 
   351  010C                     	;# 
   352  010D                     	;# 
   353  010E                     	;# 
   354  010F                     	;# 
   355  0185                     	;# 
   356  0187                     	;# 
   357  0188                     	;# 
   358  0189                     	;# 
   359  018C                     	;# 
   360  018D                     	;# 
   361  0006                     _PORTB	set	6
   362  0008                     _PORTDbits	set	8
   363  0013                     _SSPBUF	set	19
   364  0014                     _SSPCON	set	20
   365  001A                     _RCREG	set	26
   366  0019                     _TXREG	set	25
   367  0018                     _RCSTAbits	set	24
   368  0047                     _RD7	set	71
   369  0065                     _RCIF	set	101
   370  00C4                     _CREN	set	196
   371  00C7                     _SPEN	set	199
   372  0088                     _TRISDbits	set	136
   373  0086                     _TRISB	set	134
   374  0094                     _SSPSTATbits	set	148
   375  0094                     _SSPSTAT	set	148
   376  0098                     _TXSTAbits	set	152
   377  0099                     _SPBRG	set	153
   378  043B                     _TRISC3	set	1083
   379  043D                     _TRISC5	set	1085
   380  04C1                     _TRMT	set	1217
   381  04C5                     _TXEN	set	1221
   382  043E                     _TRISC6	set	1086
   383  043F                     _TRISC7	set	1087
   384  04C4                     _SYNC	set	1220
   385  0189                     _ANSELH	set	393
   386  0188                     _ANSEL	set	392
   387  0187                     _BAUDCTLbits	set	391
   388                           
   389                           ; #config settings
   390  0000                     
   391                           	psect	cinit
   392  07F9                     start_initialization:	
   393  07F9                     __initialization:	
   394                           
   395                           ; Clear objects allocated to COMMON
   396  07F9  01F6               	clrf	__pbssCOMMON& (0+127)
   397  07FA  01F7               	clrf	(__pbssCOMMON+1)& (0+127)
   398  07FB  01F8               	clrf	(__pbssCOMMON+2)& (0+127)
   399  07FC                     end_of_initialization:	
   400                           ;End of C runtime variable initialization code
   401                           
   402  07FC                     __end_of__initialization:	
   403  07FC  0183               	clrf	3
   404  07FD  120A  118A  2F9C   	ljmp	_main	;jump to C main() function
   405                           
   406                           	psect	bssCOMMON
   407  0076                     __pbssCOMMON:	
   408  0076                     _c2:	
   409  0076                     	ds	1
   410  0077                     _c1:	
   411  0077                     	ds	1
   412  0078                     _recived:	
   413  0078                     	ds	1
   414                           
   415                           	psect	cstackCOMMON
   416  0070                     __pcstackCOMMON:	
   417  0070                     ?_spiInit:	
   418  0070                     ?_spiReceiveWait:	
   419                           ; 1 bytes @ 0x0
   420                           
   421  0070                     ??_spiReceiveWait:	
   422                           ; 1 bytes @ 0x0
   423                           
   424  0070                     ?_spiWrite:	
   425                           ; 1 bytes @ 0x0
   426                           
   427  0070                     ??_spiWrite:	
   428                           ; 1 bytes @ 0x0
   429                           
   430  0070                     ?_spiRead:	
   431                           ; 1 bytes @ 0x0
   432                           
   433  0070                     ??_spiRead:	
   434                           ; 1 bytes @ 0x0
   435                           
   436  0070                     ?_main:	
   437                           ; 1 bytes @ 0x0
   438                           
   439  0070                     ?_spiDataReady:	
   440                           ; 1 bytes @ 0x0
   441                           
   442  0070                     spiInit@sDataSample:	
   443                           ; 2 bytes @ 0x0
   444                           
   445  0070                     spiWrite@dat:	
   446                           ; 1 bytes @ 0x0
   447                           
   448                           
   449                           ; 1 bytes @ 0x0
   450  0070                     	ds	1
   451  0071                     spiInit@sClockIdle:	
   452                           
   453                           ; 1 bytes @ 0x1
   454  0071                     	ds	1
   455  0072                     ??_spiDataReady:	
   456  0072                     spiInit@sTransmitEdge:	
   457                           ; 1 bytes @ 0x2
   458                           
   459                           
   460                           ; 1 bytes @ 0x2
   461  0072                     	ds	1
   462  0073                     ??_spiInit:	
   463  0073                     spiInit@sType:	
   464                           ; 1 bytes @ 0x3
   465                           
   466                           
   467                           ; 1 bytes @ 0x3
   468  0073                     	ds	1
   469  0074                     ??_main:	
   470                           
   471                           ; 1 bytes @ 0x4
   472  0074                     	ds	2
   473                           
   474                           	psect	maintext
   475  079C                     __pmaintext:	
   476 ;;
   477 ;;Main: autosize = 0, tempsize = 2, incstack = 0, save=0
   478 ;;
   479 ;; *************** function _main *****************
   480 ;; Defined at:
   481 ;;		line 35 in file "SPIMasterLab4.c"
   482 ;; Parameters:    Size  Location     Type
   483 ;;		None
   484 ;; Auto vars:     Size  Location     Type
   485 ;;		None
   486 ;; Return value:  Size  Location     Type
   487 ;;                  1    wreg      void 
   488 ;; Registers used:
   489 ;;		wreg, status,2, status,0, pclath, cstack
   490 ;; Tracked objects:
   491 ;;		On entry : B00/0
   492 ;;		On exit  : 0/0
   493 ;;		Unchanged: 0/0
   494 ;; Data sizes:     COMMON   BANK0   BANK1   BANK3   BANK2
   495 ;;      Params:         0       0       0       0       0
   496 ;;      Locals:         0       0       0       0       0
   497 ;;      Temps:          2       0       0       0       0
   498 ;;      Totals:         2       0       0       0       0
   499 ;;Total ram usage:        2 bytes
   500 ;; Hardware stack levels required when called:    2
   501 ;; This function calls:
   502 ;;		_spiDataReady
   503 ;;		_spiInit
   504 ;;		_spiRead
   505 ;;		_spiWrite
   506 ;; This function is called by:
   507 ;;		Startup code after reset
   508 ;; This function uses a non-reentrant model
   509 ;;
   510                           
   511                           
   512                           ;psect for function _main
   513  079C                     _main:	
   514  079C                     l849:	
   515                           ;incstack = 0
   516                           ; Regs used in _main: [wreg+status,2+status,0+pclath+cstack]
   517                           
   518                           
   519                           ;SPIMasterLab4.c: 36:     TRISB = 0;
   520  079C  1683               	bsf	3,5	;RP0=1, select bank1
   521  079D  1303               	bcf	3,6	;RP1=0, select bank1
   522  079E  0186               	clrf	6	;volatile
   523  079F                     l851:	
   524                           
   525                           ;SPIMasterLab4.c: 37:     TRISDbits.TRISD7 = 0;
   526  079F  1388               	bcf	8,7	;volatile
   527  07A0                     l853:	
   528                           
   529                           ;SPIMasterLab4.c: 38:     TRISDbits.TRISD4 = 1;
   530  07A0  1608               	bsf	8,4	;volatile
   531  07A1                     l855:	
   532                           
   533                           ;SPIMasterLab4.c: 39:     TRISDbits.TRISD5 = 1;
   534  07A1  1688               	bsf	8,5	;volatile
   535  07A2                     l857:	
   536                           
   537                           ;SPIMasterLab4.c: 40:     PORTDbits.RD7 = 1;
   538  07A2  1283               	bcf	3,5	;RP0=0, select bank0
   539  07A3  1303               	bcf	3,6	;RP1=0, select bank0
   540  07A4  1788               	bsf	8,7	;volatile
   541  07A5                     l859:	
   542                           
   543                           ;SPIMasterLab4.c: 41:     PORTB = 255;
   544  07A5  30FF               	movlw	255
   545  07A6  0086               	movwf	6	;volatile
   546  07A7                     l861:	
   547                           
   548                           ;SPIMasterLab4.c: 42:     ANSEL = 0;
   549  07A7  1683               	bsf	3,5	;RP0=1, select bank3
   550  07A8  1703               	bsf	3,6	;RP1=1, select bank3
   551  07A9  0188               	clrf	8	;volatile
   552  07AA                     l863:	
   553                           
   554                           ;SPIMasterLab4.c: 43:     ANSELH = 0;
   555  07AA  0189               	clrf	9	;volatile
   556  07AB                     l865:	
   557                           
   558                           ;SPIMasterLab4.c: 45:     spiInit(SPI_MASTER_OSC_DIV4, SPI_DATA_SAMPLE_MIDDLE, SPI_CLOCK
      +                          _IDLE_HIGH, SPI_IDLE_2_ACTIVE);
   559  07AB  01F0               	clrf	spiInit@sDataSample
   560  07AC  3010               	movlw	16
   561  07AD  00F4               	movwf	??_main
   562  07AE  0874               	movf	??_main,w
   563  07AF  00F1               	movwf	spiInit@sClockIdle
   564  07B0  01F2               	clrf	spiInit@sTransmitEdge
   565  07B1  3020               	movlw	32
   566  07B2  120A  118A  2786  120A  118A  	fcall	_spiInit
   567  07B7                     l867:	
   568                           
   569                           ;SPIMasterLab4.c: 49:         if ((PORTDbits.RD4 == 1)&&(spiDataReady())){
   570  07B7  1283               	bcf	3,5	;RP0=0, select bank0
   571  07B8  1303               	bcf	3,6	;RP1=0, select bank0
   572  07B9  1E08               	btfss	8,4	;volatile
   573  07BA  2FBC               	goto	u101
   574  07BB  2FBD               	goto	u100
   575  07BC                     u101:	
   576  07BC  2FB7               	goto	l867
   577  07BD                     u100:	
   578  07BD                     l869:	
   579  07BD  120A  118A  2778  120A  118A  	fcall	_spiDataReady
   580  07C2  0870               	movf	?_spiDataReady,w
   581  07C3  0471               	iorwf	?_spiDataReady+1,w
   582  07C4  1903               	btfsc	3,2
   583  07C5  2FC7               	goto	u111
   584  07C6  2FC8               	goto	u110
   585  07C7                     u111:	
   586  07C7  2FB7               	goto	l867
   587  07C8                     u110:	
   588  07C8                     l871:	
   589                           
   590                           ;SPIMasterLab4.c: 50:             PORTB--;
   591  07C8  3001               	movlw	1
   592  07C9  1283               	bcf	3,5	;RP0=0, select bank0
   593  07CA  1303               	bcf	3,6	;RP1=0, select bank0
   594  07CB  0286               	subwf	6,f	;volatile
   595  07CC                     l873:	
   596                           
   597                           ;SPIMasterLab4.c: 51:             RD7 = 0;
   598  07CC  1388               	bcf	8,7	;volatile
   599  07CD                     l875:	
   600                           
   601                           ;SPIMasterLab4.c: 52:             _delay((unsigned long)((1)*(4000000/4000.0)));
   602  07CD  30C7               	movlw	199
   603  07CE  00F4               	movwf	??_main
   604  07CF                     u127:	
   605  07CF  2FD0               	nop2
   606  07D0  0BF4               	decfsz	??_main,f
   607  07D1  2FCF               	goto	u127
   608  07D2  2FD3               	nop2
   609  07D3  2FD4               	nop2
   610  07D4                     l877:	
   611                           
   612                           ;SPIMasterLab4.c: 53:             spiWrite(0);
   613  07D4  3000               	movlw	0
   614  07D5  120A  118A  2762  120A  118A  	fcall	_spiWrite
   615  07DA                     l879:	
   616                           
   617                           ;SPIMasterLab4.c: 54:             PORTB = spiRead();
   618  07DA  120A  118A  276F  120A  118A  	fcall	_spiRead
   619  07DF  1283               	bcf	3,5	;RP0=0, select bank0
   620  07E0  1303               	bcf	3,6	;RP1=0, select bank0
   621  07E1  0086               	movwf	6	;volatile
   622  07E2                     l881:	
   623                           
   624                           ;SPIMasterLab4.c: 55:             _delay((unsigned long)((1)*(4000000/4000.0)));
   625  07E2  30C7               	movlw	199
   626  07E3  00F4               	movwf	??_main
   627  07E4                     u137:	
   628  07E4  2FE5               	nop2
   629  07E5  0BF4               	decfsz	??_main,f
   630  07E6  2FE4               	goto	u137
   631  07E7  2FE8               	nop2
   632  07E8  2FE9               	nop2
   633  07E9                     l883:	
   634                           
   635                           ;SPIMasterLab4.c: 56:             RD7 = 1;
   636  07E9  1283               	bcf	3,5	;RP0=0, select bank0
   637  07EA  1303               	bcf	3,6	;RP1=0, select bank0
   638  07EB  1788               	bsf	8,7	;volatile
   639  07EC                     l885:	
   640                           
   641                           ;SPIMasterLab4.c: 57:             _delay((unsigned long)((100)*(4000000/4000.0)));
   642  07EC  3082               	movlw	130
   643  07ED  00F5               	movwf	??_main+1
   644  07EE  30DD               	movlw	221
   645  07EF  00F4               	movwf	??_main
   646  07F0                     u147:	
   647  07F0  0BF4               	decfsz	??_main,f
   648  07F1  2FF0               	goto	u147
   649  07F2  0BF5               	decfsz	??_main+1,f
   650  07F3  2FF0               	goto	u147
   651  07F4  2FF5               	nop2
   652  07F5  2FB7               	goto	l867
   653  07F6  120A  118A  2800   	ljmp	start
   654  07F9                     __end_of_main:	
   655                           
   656                           	psect	text1
   657  0762                     __ptext1:	
   658 ;; *************** function _spiWrite *****************
   659 ;; Defined at:
   660 ;;		line 34 in file "SPI.c"
   661 ;; Parameters:    Size  Location     Type
   662 ;;  dat             1    wreg     unsigned char 
   663 ;; Auto vars:     Size  Location     Type
   664 ;;  dat             1    0[COMMON] unsigned char 
   665 ;; Return value:  Size  Location     Type
   666 ;;                  1    wreg      void 
   667 ;; Registers used:
   668 ;;		wreg
   669 ;; Tracked objects:
   670 ;;		On entry : 0/0
   671 ;;		On exit  : 0/0
   672 ;;		Unchanged: 0/0
   673 ;; Data sizes:     COMMON   BANK0   BANK1   BANK3   BANK2
   674 ;;      Params:         0       0       0       0       0
   675 ;;      Locals:         1       0       0       0       0
   676 ;;      Temps:          0       0       0       0       0
   677 ;;      Totals:         1       0       0       0       0
   678 ;;Total ram usage:        1 bytes
   679 ;; Hardware stack levels used:    1
   680 ;; This function calls:
   681 ;;		Nothing
   682 ;; This function is called by:
   683 ;;		_main
   684 ;; This function uses a non-reentrant model
   685 ;;
   686                           
   687                           
   688                           ;psect for function _spiWrite
   689  0762                     _spiWrite:	
   690                           
   691                           ;incstack = 0
   692                           ; Regs used in _spiWrite: [wreg]
   693                           ;spiWrite@dat stored from wreg
   694  0762  00F0               	movwf	spiWrite@dat
   695  0763                     l723:	
   696                           
   697                           ;SPI.c: 34: void spiWrite(char dat);SPI.c: 35: {;SPI.c: 36:     SSPBUF = dat;
   698  0763  0870               	movf	spiWrite@dat,w
   699  0764  1283               	bcf	3,5	;RP0=0, select bank0
   700  0765  1303               	bcf	3,6	;RP1=0, select bank0
   701  0766  0093               	movwf	19	;volatile
   702  0767                     l72:	
   703  0767  0008               	return
   704  0768                     __end_of_spiWrite:	
   705                           
   706                           	psect	text2
   707  076F                     __ptext2:	
   708 ;; *************** function _spiRead *****************
   709 ;; Defined at:
   710 ;;		line 47 in file "SPI.c"
   711 ;; Parameters:    Size  Location     Type
   712 ;;		None
   713 ;; Auto vars:     Size  Location     Type
   714 ;;		None
   715 ;; Return value:  Size  Location     Type
   716 ;;                  1    wreg      unsigned char 
   717 ;; Registers used:
   718 ;;		wreg, status,2, status,0, pclath, cstack
   719 ;; Tracked objects:
   720 ;;		On entry : 0/0
   721 ;;		On exit  : 0/0
   722 ;;		Unchanged: 0/0
   723 ;; Data sizes:     COMMON   BANK0   BANK1   BANK3   BANK2
   724 ;;      Params:         0       0       0       0       0
   725 ;;      Locals:         0       0       0       0       0
   726 ;;      Temps:          0       0       0       0       0
   727 ;;      Totals:         0       0       0       0       0
   728 ;;Total ram usage:        0 bytes
   729 ;; Hardware stack levels used:    1
   730 ;; Hardware stack levels required when called:    1
   731 ;; This function calls:
   732 ;;		_spiReceiveWait
   733 ;; This function is called by:
   734 ;;		_main
   735 ;; This function uses a non-reentrant model
   736 ;;
   737                           
   738                           
   739                           ;psect for function _spiRead
   740  076F                     _spiRead:	
   741  076F                     l737:	
   742                           ;incstack = 0
   743                           ; Regs used in _spiRead: [wreg+status,2+status,0+pclath+cstack]
   744                           
   745                           
   746                           ;SPI.c: 49:     spiReceiveWait();
   747  076F  120A  118A  2768  120A  118A  	fcall	_spiReceiveWait
   748  0774                     l739:	
   749                           
   750                           ;SPI.c: 50:     return(SSPBUF);
   751  0774  1283               	bcf	3,5	;RP0=0, select bank0
   752  0775  1303               	bcf	3,6	;RP1=0, select bank0
   753  0776  0813               	movf	19,w	;volatile
   754  0777                     l80:	
   755  0777  0008               	return
   756  0778                     __end_of_spiRead:	
   757                           
   758                           	psect	text3
   759  0768                     __ptext3:	
   760 ;; *************** function _spiReceiveWait *****************
   761 ;; Defined at:
   762 ;;		line 29 in file "SPI.c"
   763 ;; Parameters:    Size  Location     Type
   764 ;;		None
   765 ;; Auto vars:     Size  Location     Type
   766 ;;		None
   767 ;; Return value:  Size  Location     Type
   768 ;;                  1    wreg      void 
   769 ;; Registers used:
   770 ;;		None
   771 ;; Tracked objects:
   772 ;;		On entry : 0/0
   773 ;;		On exit  : 0/0
   774 ;;		Unchanged: 0/0
   775 ;; Data sizes:     COMMON   BANK0   BANK1   BANK3   BANK2
   776 ;;      Params:         0       0       0       0       0
   777 ;;      Locals:         0       0       0       0       0
   778 ;;      Temps:          0       0       0       0       0
   779 ;;      Totals:         0       0       0       0       0
   780 ;;Total ram usage:        0 bytes
   781 ;; Hardware stack levels used:    1
   782 ;; This function calls:
   783 ;;		Nothing
   784 ;; This function is called by:
   785 ;;		_spiRead
   786 ;; This function uses a non-reentrant model
   787 ;;
   788                           
   789                           
   790                           ;psect for function _spiReceiveWait
   791  0768                     _spiReceiveWait:	
   792  0768                     l711:	
   793                           ;incstack = 0
   794                           ; Regs used in _spiReceiveWait: []
   795                           
   796  0768                     l66:	
   797                           ;SPI.c: 31:     while ( !SSPSTATbits.BF );
   798                           
   799  0768  1683               	bsf	3,5	;RP0=1, select bank1
   800  0769  1303               	bcf	3,6	;RP1=0, select bank1
   801  076A  1C14               	btfss	20,0	;volatile
   802  076B  2F6D               	goto	u11
   803  076C  2F6E               	goto	u10
   804  076D                     u11:	
   805  076D  2F68               	goto	l66
   806  076E                     u10:	
   807  076E                     l69:	
   808  076E  0008               	return
   809  076F                     __end_of_spiReceiveWait:	
   810                           
   811                           	psect	text4
   812  0786                     __ptext4:	
   813 ;; *************** function _spiInit *****************
   814 ;; Defined at:
   815 ;;		line 12 in file "SPI.c"
   816 ;; Parameters:    Size  Location     Type
   817 ;;  sType           1    wreg     enum E1264
   818 ;;  sDataSample     1    0[COMMON] enum E1272
   819 ;;  sClockIdle      1    1[COMMON] enum E1276
   820 ;;  sTransmitEdg    1    2[COMMON] enum E1280
   821 ;; Auto vars:     Size  Location     Type
   822 ;;  sType           1    3[COMMON] enum E1264
   823 ;; Return value:  Size  Location     Type
   824 ;;                  1    wreg      void 
   825 ;; Registers used:
   826 ;;		wreg, status,2, status,0
   827 ;; Tracked objects:
   828 ;;		On entry : 0/0
   829 ;;		On exit  : 0/0
   830 ;;		Unchanged: 0/0
   831 ;; Data sizes:     COMMON   BANK0   BANK1   BANK3   BANK2
   832 ;;      Params:         3       0       0       0       0
   833 ;;      Locals:         1       0       0       0       0
   834 ;;      Temps:          0       0       0       0       0
   835 ;;      Totals:         4       0       0       0       0
   836 ;;Total ram usage:        4 bytes
   837 ;; Hardware stack levels used:    1
   838 ;; This function calls:
   839 ;;		Nothing
   840 ;; This function is called by:
   841 ;;		_main
   842 ;; This function uses a non-reentrant model
   843 ;;
   844                           
   845                           
   846                           ;psect for function _spiInit
   847  0786                     _spiInit:	
   848                           
   849                           ;incstack = 0
   850                           ; Regs used in _spiInit: [wreg+status,2+status,0]
   851                           ;spiInit@sType stored from wreg
   852  0786  00F3               	movwf	spiInit@sType
   853  0787                     l827:	
   854                           
   855                           ;SPI.c: 12: void spiInit(Spi_Type sType, Spi_Data_Sample sDataSample, Spi_Clock_Idle sCl
      +                          ockIdle, Spi_Transmit_Edge sTransmitEdge);SPI.c: 13: {;SPI.c: 14:     TRISC5 = 0;
   856  0787  1683               	bsf	3,5	;RP0=1, select bank1
   857  0788  1303               	bcf	3,6	;RP1=0, select bank1
   858  0789  1287               	bcf	7,5	;volatile
   859                           
   860                           ;SPI.c: 15:     if(sType & 0b00000100)
   861  078A  1D73               	btfss	spiInit@sType,2
   862  078B  2F8D               	goto	u81
   863  078C  2F8E               	goto	u80
   864  078D                     u81:	
   865  078D  2F92               	goto	l833
   866  078E                     u80:	
   867  078E                     l829:	
   868                           
   869                           ;SPI.c: 16:     {;SPI.c: 17:         SSPSTAT = sTransmitEdge;
   870  078E  0872               	movf	spiInit@sTransmitEdge,w
   871  078F  0094               	movwf	20	;volatile
   872  0790                     l831:	
   873                           
   874                           ;SPI.c: 18:         TRISC3 = 1;
   875  0790  1587               	bsf	7,3	;volatile
   876                           
   877                           ;SPI.c: 19:     }
   878  0791  2F96               	goto	l62
   879  0792                     l833:	
   880                           
   881                           ;SPI.c: 21:     {;SPI.c: 22:         SSPSTAT = sDataSample | sTransmitEdge;
   882  0792  0870               	movf	spiInit@sDataSample,w
   883  0793  0472               	iorwf	spiInit@sTransmitEdge,w
   884  0794  0094               	movwf	20	;volatile
   885  0795                     l835:	
   886                           
   887                           ;SPI.c: 23:         TRISC3 = 0;
   888  0795  1187               	bcf	7,3	;volatile
   889  0796                     l62:	
   890                           ;SPI.c: 24:     }
   891                           
   892                           
   893                           ;SPI.c: 26:     SSPCON = sType | sClockIdle;
   894  0796  0873               	movf	spiInit@sType,w
   895  0797  0471               	iorwf	spiInit@sClockIdle,w
   896  0798  1283               	bcf	3,5	;RP0=0, select bank0
   897  0799  1303               	bcf	3,6	;RP1=0, select bank0
   898  079A  0094               	movwf	20	;volatile
   899  079B                     l63:	
   900  079B  0008               	return
   901  079C                     __end_of_spiInit:	
   902                           
   903                           	psect	text5
   904  0778                     __ptext5:	
   905 ;; *************** function _spiDataReady *****************
   906 ;; Defined at:
   907 ;;		line 39 in file "SPI.c"
   908 ;; Parameters:    Size  Location     Type
   909 ;;		None
   910 ;; Auto vars:     Size  Location     Type
   911 ;;		None
   912 ;; Return value:  Size  Location     Type
   913 ;;                  2    0[COMMON] unsigned int 
   914 ;; Registers used:
   915 ;;		wreg, status,2
   916 ;; Tracked objects:
   917 ;;		On entry : 0/0
   918 ;;		On exit  : 0/0
   919 ;;		Unchanged: 0/0
   920 ;; Data sizes:     COMMON   BANK0   BANK1   BANK3   BANK2
   921 ;;      Params:         2       0       0       0       0
   922 ;;      Locals:         0       0       0       0       0
   923 ;;      Temps:          0       0       0       0       0
   924 ;;      Totals:         2       0       0       0       0
   925 ;;Total ram usage:        2 bytes
   926 ;; Hardware stack levels used:    1
   927 ;; This function calls:
   928 ;;		Nothing
   929 ;; This function is called by:
   930 ;;		_main
   931 ;; This function uses a non-reentrant model
   932 ;;
   933                           
   934                           
   935                           ;psect for function _spiDataReady
   936  0778                     _spiDataReady:	
   937  0778                     l837:	
   938                           ;incstack = 0
   939                           ; Regs used in _spiDataReady: [wreg+status,2]
   940                           
   941                           
   942                           ;SPI.c: 41:     if(SSPSTATbits.BF)
   943  0778  1683               	bsf	3,5	;RP0=1, select bank1
   944  0779  1303               	bcf	3,6	;RP1=0, select bank1
   945  077A  1C14               	btfss	20,0	;volatile
   946  077B  2F7D               	goto	u91
   947  077C  2F7E               	goto	u90
   948  077D                     u91:	
   949  077D  2F83               	goto	l845
   950  077E                     u90:	
   951  077E                     l839:	
   952                           
   953                           ;SPI.c: 42:         return 1;
   954  077E  3001               	movlw	1
   955  077F  00F0               	movwf	?_spiDataReady
   956  0780  3000               	movlw	0
   957  0781  00F1               	movwf	?_spiDataReady+1
   958  0782  2F85               	goto	l76
   959  0783                     l845:	
   960                           
   961                           ;SPI.c: 44:         return 0;
   962  0783  01F0               	clrf	?_spiDataReady
   963  0784  01F1               	clrf	?_spiDataReady+1
   964  0785                     l76:	
   965  0785  0008               	return
   966  0786                     __end_of_spiDataReady:	
   967  007E                     btemp	set	126	;btemp
   968  007E                     wtemp0	set	126


Data Sizes:
    Strings     0
    Constant    0
    Data        0
    BSS         3
    Persistent  0
    Stack       0

Auto Spaces:
    Space          Size  Autos    Used
    COMMON           14      6       9
    BANK0            80      0       0
    BANK1            80      0       0
    BANK3            96      0       0
    BANK2            96      0       0

Pointer List with Targets:

    None.

Critical Paths under _main in COMMON

    _main->_spiInit

Critical Paths under _main in BANK0

    None.

Critical Paths under _main in BANK1

    None.

Critical Paths under _main in BANK3

    None.

Critical Paths under _main in BANK2

    None.

Call Graph Tables:

 ---------------------------------------------------------------------------------
 (Depth) Function   	        Calls       Base Space   Used Autos Params    Refs
 ---------------------------------------------------------------------------------
 (0) _main                                                 2     2      0     375
                                              4 COMMON     2     2      0
                       _spiDataReady
                            _spiInit
                            _spiRead
                           _spiWrite
 ---------------------------------------------------------------------------------
 (1) _spiWrite                                             1     1      0      15
                                              0 COMMON     1     1      0
 ---------------------------------------------------------------------------------
 (1) _spiRead                                              0     0      0       0
                     _spiReceiveWait
 ---------------------------------------------------------------------------------
 (2) _spiReceiveWait                                       0     0      0       0
 ---------------------------------------------------------------------------------
 (1) _spiInit                                              4     1      3     360
                                              0 COMMON     4     1      3
 ---------------------------------------------------------------------------------
 (1) _spiDataReady                                         2     0      2       0
                                              0 COMMON     2     0      2
 ---------------------------------------------------------------------------------
 Estimated maximum stack depth 2
 ---------------------------------------------------------------------------------

 Call Graph Graphs:

 _main (ROOT)
   _spiDataReady
   _spiInit
   _spiRead
     _spiReceiveWait
   _spiWrite

 Address spaces:
Name               Size   Autos  Total    Cost      Usage
BITCOMMON            E      0       0       0        0.0%
EEDATA             100      0       0       0        0.0%
NULL                 0      0       0       0        0.0%
CODE                 0      0       0       0        0.0%
COMMON               E      6       9       1       64.3%
BITSFR0              0      0       0       1        0.0%
SFR0                 0      0       0       1        0.0%
BITSFR1              0      0       0       2        0.0%
SFR1                 0      0       0       2        0.0%
STACK                0      0       0       2        0.0%
ABS                  0      0       9       3        0.0%
BITBANK0            50      0       0       4        0.0%
BITSFR3              0      0       0       4        0.0%
SFR3                 0      0       0       4        0.0%
BANK0               50      0       0       5        0.0%
BITSFR2              0      0       0       5        0.0%
SFR2                 0      0       0       5        0.0%
BITBANK1            50      0       0       6        0.0%
BANK1               50      0       0       7        0.0%
BITBANK3            60      0       0       8        0.0%
BANK3               60      0       0       9        0.0%
BITBANK2            60      0       0      10        0.0%
BANK2               60      0       0      11        0.0%
DATA                 0      0       9      12        0.0%


Microchip Technology PIC Macro Assembler V2.10 build 88905656 
Symbol Table                                                                                   Wed Feb 12 18:59:52 2020

             __CFG_CP$OFF 0000               _SSPSTATbits 0094                        l62 0796  
                      l63 079B                        l80 0777                        l72 0767  
                      l66 0768                        l76 0785                        l69 076E  
                      u10 076E                        u11 076D                        _c1 0077  
                      u80 078E                        _c2 0076                        u81 078D  
                      u90 077E                        u91 077D                       l711 0768  
                     l723 0763                       l831 0790                       l833 0792  
                     l737 076F                       l835 0795                       l827 0787  
                     l739 0774                       l851 079F                       l845 0783  
                     l837 0778                       l829 078E                       l861 07A7  
                     l853 07A0                       l839 077E                       l871 07C8  
                     l863 07AA                       l855 07A1                       l881 07E2  
                     l873 07CC                       l865 07AB                       l857 07A2  
                     l849 079C                       l883 07E9                       l875 07CD  
                     l867 07B7                       l859 07A5                       l885 07EC  
                     l877 07D4                       l869 07BD                       l879 07DA  
                     u100 07BD                       u101 07BC                       u110 07C8  
                     u111 07C7                       _RD7 0047                       u127 07CF  
                     u137 07E4                       u147 07F0              __CFG_CPD$OFF 0000  
            __CFG_LVP$OFF 0000                      _CREN 00C4                      _RCIF 0065  
                    _SPEN 00C7                      _TRMT 04C1                      _TXEN 04C5  
                    _SYNC 04C4              __CFG_WRT$OFF 0000                      _main 079C  
                    btemp 007E                      start 0000             __CFG_IESO$OFF 0000  
           __CFG_MCLRE$ON 0000                     ?_main 0070             __CFG_WDTE$OFF 0000  
                   _ANSEL 0188                     _RCREG 001A                     _SPBRG 0099  
                   _PORTB 0006                     _TRISB 0086                     _TXREG 0019  
          __CFG_FCMEN$OFF 0000            __CFG_BOREN$OFF 0000           __end_of_spiInit 079C  
         __end_of_spiRead 0778                     status 0003                     wtemp0 007E  
         __initialization 07F9              __end_of_main 07F9                    ??_main 0074  
                  _ANSELH 0189                    _TRISC3 043B                    _TRISC5 043D  
                  _TRISC6 043E                    _TRISC7 043F                    _SSPCON 0014  
                  _SSPBUF 0013            __CFG_PWRTE$OFF 0000          __end_of_spiWrite 0768  
               ??_spiInit 0073                 ??_spiRead 0070   __end_of__initialization 07FC  
          __pcstackCOMMON 0070                __pmaintext 079C   __size_of_spiReceiveWait 0007  
           ?_spiDataReady 0070                   _SSPSTAT 0094                 ?_spiWrite 0070  
                 __ptext1 0762                   __ptext2 076F                   __ptext3 0768  
                 __ptext4 0786                   __ptext5 0778            ??_spiDataReady 0072  
                 _recived 0078                   _spiInit 0786                   _spiRead 076F  
    end_of_initialization 07FC                 _RCSTAbits 0018                ??_spiWrite 0070  
               _PORTDbits 0008                 _TRISDbits 0088               spiWrite@dat 0070  
               _TXSTAbits 0098            _spiReceiveWait 0768               _BAUDCTLbits 0187  
     start_initialization 07F9      __end_of_spiDataReady 0786  __CFG_FOSC$INTRC_NOCLKOUT 0000  
  __end_of_spiReceiveWait 076F               __pbssCOMMON 0076                 ___latbits 0002  
         ?_spiReceiveWait 0070         __size_of_spiWrite 0006                  ?_spiInit 0070  
                ?_spiRead 0070      spiInit@sTransmitEdge 0072        spiInit@sDataSample 0070  
   __size_of_spiDataReady 000E              _spiDataReady 0778          __size_of_spiInit 0016  
        __size_of_spiRead 0009         __CFG_BOR4V$BOR40V 0000             __size_of_main 005D  
                _spiWrite 0762              spiInit@sType 0073         spiInit@sClockIdle 0071  
        ??_spiReceiveWait 0070  
